<?xml version="1.0" encoding="UTF-8"?>
<robot generated="20161019 16:01:59.984" generator="Robot 3.0 (Python 2.7.12 on win32)">
<suite source="C:\Users\rkhalaf\PycharmProjects\RobotDemo\test.robot" id="s1" name="Test">
<kw type="setup" name="Site Config">
<kw name="Open Browser" library="Selenium2Library">
<doc>Opens a new browser instance to given URL.</doc>
<arguments>
<arg>http://executeautomation.com/demosite/Login.html</arg>
<arg>${Browser}</arg>
</arguments>
<msg timestamp="20161019 16:02:00.153" level="INFO">Opening browser 'Chrome' to base url 'http://executeautomation.com/demosite/Login.html'</msg>
<kw name="Capture Page Screenshot" library="Selenium2Library">
<doc>Takes a screenshot of the current page and embeds it into the log.</doc>
<msg timestamp="20161019 16:02:00.210" level="FAIL">No browser is open</msg>
<status status="FAIL" endtime="20161019 16:02:00.210" starttime="20161019 16:02:00.160"></status>
</kw>
<msg timestamp="20161019 16:02:00.211" level="WARN">Keyword 'Capture Page Screenshot' could not be run on failure: No browser is open</msg>
<msg timestamp="20161019 16:02:00.240" level="FAIL">WebDriverException: Message: 'chromedriver' executable needs to be in PATH. Please see https://sites.google.com/a/chromium.org/chromedriver/home
</msg>
<status status="FAIL" endtime="20161019 16:02:00.240" starttime="20161019 16:02:00.153"></status>
</kw>
<status status="FAIL" endtime="20161019 16:02:00.241" starttime="20161019 16:02:00.152"></status>
</kw>
<test id="s1-t1" name="User Can Login successfully">
<status status="FAIL" endtime="20161019 16:02:00.242" critical="yes" starttime="20161019 16:02:00.241">Parent suite setup failed:
WebDriverException: Message: 'chromedriver' executable needs to be in PATH. Please see https://sites.google.com/a/chromium.org/chromedriver/home
</status>
</test>
<test id="s1-t2" name="User Fill the User Form with valid data">
<status status="FAIL" endtime="20161019 16:02:00.245" critical="yes" starttime="20161019 16:02:00.244">Parent suite setup failed:
WebDriverException: Message: 'chromedriver' executable needs to be in PATH. Please see https://sites.google.com/a/chromium.org/chromedriver/home
</status>
</test>
<test id="s1-t3" name="Navigate to DRAG AND DROP page">
<status status="FAIL" endtime="20161019 16:02:00.247" critical="yes" starttime="20161019 16:02:00.246">Parent suite setup failed:
WebDriverException: Message: 'chromedriver' executable needs to be in PATH. Please see https://sites.google.com/a/chromium.org/chromedriver/home
</status>
</test>
<doc>present some info</doc>
<status status="FAIL" endtime="20161019 16:02:00.248" starttime="20161019 16:01:59.991">Suite setup failed:
WebDriverException: Message: 'chromedriver' executable needs to be in PATH. Please see https://sites.google.com/a/chromium.org/chromedriver/home
</status>
</suite>
<statistics>
<total>
<stat fail="3" pass="0">Critical Tests</stat>
<stat fail="3" pass="0">All Tests</stat>
</total>
<tag>
</tag>
<suite>
<stat fail="3" id="s1" name="Test" pass="0">Test</stat>
</suite>
</statistics>
<errors>
<msg timestamp="20161019 16:02:00.211" level="WARN">Keyword 'Capture Page Screenshot' could not be run on failure: No browser is open</msg>
</errors>
</robot>
